********************************************************************************
DUPLICATOR-LITE PACKAGE-LOG: October 9, 2024 2:56 pm
NOTICE: Do NOT post to public sites or forums 
********************************************************************************
VERSION:	1.5.11
WORDPRESS:	6.6.2
PHP INFO:	8.0.30 | SAPI: apache2handler
SERVER:		Apache/2.4.58 (Win64) OpenSSL/3.1.3 PHP/8.0.30 
PHP TIME LIMIT: (0) no time limit imposed 
PHP MAX MEMORY: 4294967296 (512M default) 
MEMORY STACK: 60MB

********************************************************************************
DATABASE:
********************************************************************************
BUILD MODE:   MYSQLDUMP
MYSQLTIMEOUT: 5000
MYSQLDUMP:    Is Supported
SQL CREATED: 20241009_ikhaltobet_8f42c6127f9389b49454_20241009145604_database.sql
SQL FILE SIZE: 6.27MB (6576331)
SQL FILE TIME: 2024-10-09 14:56:35
SQL RUNTIME: 1.84 sec.

********************************************************************************
ARCHIVE (ZIP):
********************************************************************************
ARCHIVE DIR:  C:/xampp/htdocs/ikhalto
ARCHIVE FILE: 20241009_ikhaltobet_8f42c6127f9389b49454_20241009145604_archive.zip
FILTERS: *OFF*
DIRS:
	not set
FILES:
	not set
EXTS:  not set
----------------------------------------
COMPRESSING
SIZE:	311.36MB
STATS:	Dirs 2,237 | Files 11,287
SQL ADDED: 20241009_ikhaltobet_8f42c6127f9389b49454_20241009145604_database.sql
ZipArchive Object
(
    [lastId] => 13523
    [status] => 0
    [statusSys] => 0
    [numFiles] => 13524
    [filename] => C:\xampp\htdocs\ikhalto\wp-content\backups-dup-lite\tmp\20241009_ikhaltobet_8f42c6127f9389b49454_20241009145604_archive.zip
    [comment] => 
)

FILE ADDED TO ZIP: 13523
COMPRESSION RESULT: '1'
COMPRESSED SIZE: 149.55MB
ARCHIVE RUNTIME: 196.91 sec.
MEMORY STACK: 64MB
building installer
ARCHIVE CONSISTENCY TEST: PASS

********************************************************************************
INTEGRITY CHECKS:
********************************************************************************
SQL FILE: 6.27MB
INSTALLER FILE: 73.48KB
ARCHIVE FILE: 151.54MB 
EXPECTED FILE/DIRECTORY COUNT: 13,524
ACTUAL FILE/DIRECTORY COUNT: 13,523
ARCHIVE CONSISTENCY TEST: Pass

********************************************************************************
RECORD ID:[1]
TOTAL PROCESS RUNTIME: 200.32 sec.
PEAK PHP MEMORY USED: 68MB
DONE PROCESSING => 20241009_ikhaltobet October 9, 2024 2:59 pm

